******************************************************************
*          Output from RYLINV Multimodes (v. 1.1)                *
******************************************************************
****************************************************
*  VS model dependent on second parameter in PARA  *
*     0, if VS are arbitrary;                      *
*     1, if VS increase with depth;                *
*    -1, if VS decrease with depth.                *
*  The last two cases use 40 percent of computer   *
*  time that is used by the first case.            *
****************************************************
 
Open succeeded on the deck file: C:\Users\Ninja\Documents\MASW\Dundass_Road_MASW\Dundass_Road_MASW\SG2\MASW1\Revision_6\20_layer_25m\Line1(ActiveOT)(CombinedOT)(1018).IND
Open succeeded on the list file: C:\Users\Ninja\Documents\MASW\Dundass_Road_MASW\Dundass_Road_MASW\SG2\MASW1\Revision_6\20_layer_25m\Line1(ActiveOT)(CombinedOT)(1018).LST

Initial Vs values were from fixed data in layer table
Initial Vp values were calcuated from Vs and Pos
Initial Pois values were from fixed data in layer table
Initial Density values were from fixed data in layer table


Open succeeded on input file
You are inverting real data
Number of layers =   20
Number of data =   10
Maximum iteration number =   12
User defines the initial values of VS
Power to weighting value =      1.000
Increment for calculating derivative =    0.25000
VS model indicator =    0
Limit of RMS error =    1.00000
Search range and increment    174.010    845.000      1.700
Paramters of the water layer      0.000      1.000   1500.000
Number of modes =    1
Elevation = 0

 data F. (Hz)   V.(Rayleigh)  Weight  Mode  V.(Rayleigh)  Weight  Mode ...

   3     15.346    288.636      1.000    0
   3     16.639    300.812      0.997    0
   3     18.028    317.857      0.989    0
   3     19.369    330.032      0.989    0
   3     20.950    311.769      0.797    0
   3     22.626    336.120      0.993    0
   3     24.159    322.727      0.969    0
   3     25.452    310.552      0.946    0
   3     26.697    308.117      0.990    0
   3     28.278    295.942      1.000    0
Phase velocity data
    F.(Hz)  V.(Rayleigh)   Weight Mode V.(Rayleigh)    Weight Mode
    15.346    288.636      1.000    0
    16.639    300.812      0.997    0
    18.028    317.857      0.989    0
    19.369    330.032      0.989    0
    20.950    311.769      0.797    0
    22.626    336.120      0.993    0
    24.159    322.727      0.969    0
    25.452    310.552      0.946    0
    26.697    308.117      0.990    0
    28.278    295.942      1.000    0
Unit: meter
X-Coord:   1029.000
Record Number: 1018

INITIAL MODEL
VP =
   992.000   992.000   992.000   992.000   992.000   992.000   992.000   992.000   992.000   992.000
   992.000   992.000   992.000   992.000   992.000   992.000   956.000   949.000  1151.000   952.000
VS =
   405.000   405.000   405.000   405.000   405.000   405.000   405.000   405.000   405.000   405.000
   405.000   405.000   405.000   405.000   405.000   405.000   390.000   387.000   470.000   389.000
RHO =
     1.520     1.550     1.570     1.600     1.620     1.650     1.680     1.700     1.730     1.750
     1.770     1.800     1.820     1.850     1.880     1.900     1.930     1.950     1.980     2.000
THKNES =
     0.034     0.043     0.053     0.067     0.083     0.104     0.130     0.163     0.203     0.254
     0.318     0.397     0.497     0.621     0.776     0.970     1.213     1.516     1.895

    F.(Hz)  V.(Rayleigh) Mode
    15.346    288.636    0
    16.639    379.763    0
    18.028    380.573    0
    19.369    381.258    0
    20.950    381.951    0
    22.626    382.561    0
    24.159    383.018    0
    25.452    383.335    0
    26.697    383.588    0
    28.278    383.840    0

R-M-S E0 (W) =     71.050
R-M-S E0 =     70.977

*****************************

ITERATION NUMBER =     1

SINGULAR VALUE
     1.427     0.208     0.015     0.001     0.001     0.001     0.001     0.001     0.001     0.000
     0.000     0.000     0.000     0.000     0.000     0.000     0.000     0.000     0.000     0.000
LAMD =          1, R-M-S E. (W) =     40.165
LAMD =          1, R-M-S E.     =     40.089
MODEL VS
   404.492   404.353   404.266   404.110   404.004   403.852   403.729   403.603   403.493   403.197
   402.751   401.843   400.306   397.821   394.304   389.973   368.585   360.056   451.201   298.636
MODEL VP
   990.798   990.458   990.246   989.864   989.604   989.231   988.929   988.621   988.351   987.627
   986.535   984.309   980.547   974.460   965.844   955.234   902.845   881.955  1105.212   731.506
MODEL POS
     0.400     0.400     0.400     0.400     0.400     0.400     0.400     0.400     0.400     0.400
     0.400     0.400     0.400     0.400     0.400     0.400     0.400     0.400     0.400     0.400
MODEL Density
     1.520     1.550     1.570     1.600     1.620     1.650     1.680     1.700     1.730     1.750
     1.770     1.800     1.820     1.850     1.880     1.900     1.930     1.950     1.980     2.000

 Calculeted dispersion-curves from curren model:
   F.(Hz)  V.(Rayleigh) Mode V.(Rayleigh)  Mode, etc. 
    15.346    337.773    0
    16.639    341.002    0
    18.028    344.075    0
    19.369    346.714    0
    20.950    349.478    0
    22.626    352.064    0
    24.159    354.168    0
    25.452    355.775    0
    26.697    357.198    0
    28.278    358.847    0
LAMD =          1, R-M-S E. (W) =     40.165
LAMD =          1, R-M-S E.     =     40.089

*****************************

ITERATION NUMBER =     2

SINGULAR VALUE
     0.940     0.122     0.008     0.001     0.001     0.001     0.001     0.001     0.000     0.000
     0.000     0.000     0.000     0.000     0.000     0.000     0.000     0.000     0.000     0.000
LAMD =        0.1, R-M-S E. (W) =     15.058
LAMD =        0.1, R-M-S E.     =     14.871
MODEL VS
   403.306   402.912   402.632   402.199   401.850   401.493   401.136   400.605   400.094   398.780
   396.973   393.281   387.069   378.252   367.066   355.104   322.375   304.015   418.060   239.276
MODEL VP
   987.895   986.929   986.242   985.181   984.327   983.453   982.578   981.278   980.025   976.808
   972.380   963.339   948.122   926.524   899.125   869.825   789.655   744.681  1024.034   586.104
MODEL POS
     0.400     0.400     0.400     0.400     0.400     0.400     0.400     0.400     0.400     0.400
     0.400     0.400     0.400     0.400     0.400     0.400     0.400     0.400     0.400     0.400
MODEL Density
     1.520     1.550     1.570     1.600     1.620     1.650     1.680     1.700     1.730     1.750
     1.770     1.800     1.820     1.850     1.880     1.900     1.930     1.950     1.980     2.000

 Calculeted dispersion-curves from curren model:
   F.(Hz)  V.(Rayleigh) Mode V.(Rayleigh)  Mode, etc. 
    15.346    303.525    0
    16.639    306.741    0
    18.028    309.840    0
    19.369    312.533    0
    20.950    315.391    0
    22.626    318.100    0
    24.159    320.334    0
    25.452    322.061    0
    26.697    323.604    0
    28.278    325.411    0
LAMD =        0.1, R-M-S E. (W) =     15.058
LAMD =        0.1, R-M-S E.     =     14.871

*****************************

ITERATION NUMBER =     3

SINGULAR VALUE
     0.960     0.082     0.008     0.002     0.001     0.001     0.001     0.000     0.000     0.000
     0.000     0.000     0.000     0.000     0.000     0.000     0.000     0.000     0.000     0.000
LAMD =       0.01, R-M-S E. (W) =     14.422
LAMD =       0.01, R-M-S E.     =     14.236
MODEL VS
   402.379   404.306   404.451   404.299   404.038   403.742   402.269   401.098   401.427   396.010
   391.604   382.216   373.020   361.378   353.360   349.653   324.119   282.073   378.637   263.884
MODEL VP
   985.622   990.343   990.699   990.326   989.686   988.963   985.354   982.486   983.291   970.022
   959.230   936.235   913.709   885.192   865.551   856.472   793.926   690.934   927.466   646.381
MODEL POS
     0.400     0.400     0.400     0.400     0.400     0.400     0.400     0.400     0.400     0.400
     0.400     0.400     0.400     0.400     0.400     0.400     0.400     0.400     0.400     0.400
MODEL Density
     1.520     1.550     1.570     1.600     1.620     1.650     1.680     1.700     1.730     1.750
     1.770     1.800     1.820     1.850     1.880     1.900     1.930     1.950     1.980     2.000

 Calculeted dispersion-curves from curren model:
   F.(Hz)  V.(Rayleigh) Mode V.(Rayleigh)  Mode, etc. 
    15.346    300.728    0
    16.639    303.398    0
    18.028    305.977    0
    19.369    308.225    0
    20.950    310.618    0
    22.626    312.894    0
    24.159    314.772    0
    25.452    316.223    0
    26.697    317.514    0
    28.278    319.020    0
LAMD =       0.01, R-M-S E. (W) =     14.422
LAMD =       0.01, R-M-S E.     =     14.236

*****************************

ITERATION NUMBER =     4

SINGULAR VALUE
     0.935     0.079     0.008     0.002     0.001     0.001     0.001     0.001     0.000     0.000
     0.000     0.000     0.000     0.000     0.000     0.000     0.000     0.000     0.000     0.000
LAMD =       0.01, R-M-S E. (W) =     14.236
LAMD =       0.01, R-M-S E.     =     14.050
MODEL VS
   402.245   404.897   405.335   406.323   404.619   404.063   405.027   401.606   401.954   394.753
   384.621   373.944   359.339   348.630   344.529   349.207   333.521   288.776   354.607   281.360
MODEL VP
   985.294   991.790   992.865   995.283   991.110   989.747   992.110   983.730   984.583   966.943
   942.126   915.972   880.198   853.965   843.921   855.378   816.957   707.353   868.607   689.188
MODEL POS
     0.400     0.400     0.400     0.400     0.400     0.400     0.400     0.400     0.400     0.400
     0.400     0.400     0.400     0.400     0.400     0.400     0.400     0.400     0.400     0.400
MODEL Density
     1.520     1.550     1.570     1.600     1.620     1.650     1.680     1.700     1.730     1.750
     1.770     1.800     1.820     1.850     1.880     1.900     1.930     1.950     1.980     2.000

 Calculeted dispersion-curves from curren model:
   F.(Hz)  V.(Rayleigh) Mode V.(Rayleigh)  Mode, etc. 
    15.346    302.500    0
    16.639    304.918    0
    18.028    307.234    0
    19.369    309.241    0
    20.950    311.366    0
    22.626    313.380    0
    24.159    315.040    0
    25.452    316.322    0
    26.697    317.466    0
    28.278    318.804    0
LAMD =       0.01, R-M-S E. (W) =     14.236
LAMD =       0.01, R-M-S E.     =     14.050

*****************************

ITERATION NUMBER =     5

SINGULAR VALUE
     0.907     0.081     0.006     0.002     0.001     0.001     0.001     0.001     0.000     0.000
     0.000     0.000     0.000     0.000     0.000     0.000     0.000     0.000     0.000     0.000
LAMD =       0.01, R-M-S E. (W) =     14.095
LAMD =       0.01, R-M-S E.     =     13.909
MODEL VS
   402.746   404.765   406.057   406.892   404.600   404.662   406.480   401.886   400.771   391.565
   377.791   362.854   344.197   332.958   334.402   344.228   338.234   298.525   343.349   298.592
MODEL VP
   986.521   991.469   994.631   996.677   991.063   991.216   995.668   984.416   981.684   959.135
   925.394   888.806   843.107   815.578   819.114   843.182   828.501   731.235   841.029   731.397
MODEL POS
     0.400     0.400     0.400     0.400     0.400     0.400     0.400     0.400     0.400     0.400
     0.400     0.400     0.400     0.400     0.400     0.400     0.400     0.400     0.400     0.400
MODEL Density
     1.520     1.550     1.570     1.600     1.620     1.650     1.680     1.700     1.730     1.750
     1.770     1.800     1.820     1.850     1.880     1.900     1.930     1.950     1.980     2.000

 Calculeted dispersion-curves from curren model:
   F.(Hz)  V.(Rayleigh) Mode V.(Rayleigh)  Mode, etc. 
    15.346    303.641    0
    16.639    305.846    0
    18.028    307.913    0
    19.369    309.674    0
    20.950    311.514    0
    22.626    313.241    0
    24.159    314.657    0
    25.452    315.750    0
    26.697    316.727    0
    28.278    317.875    0
LAMD =       0.01, R-M-S E. (W) =     14.095
LAMD =       0.01, R-M-S E.     =     13.909

*****************************

ITERATION NUMBER =     6

SINGULAR VALUE
     0.898     0.074     0.005     0.001     0.001     0.001     0.001     0.001     0.001     0.000
     0.000     0.000     0.000     0.000     0.000     0.000     0.000     0.000     0.000     0.000
LAMD =        0.1, R-M-S E. (W) =     14.057
LAMD =        0.1, R-M-S E.     =     13.871
MODEL VS
   402.689   404.778   406.049   406.840   404.405   404.588   406.333   401.913   400.416   391.128
   376.949   361.397   342.099   330.950   332.784   343.562   338.781   301.018   344.307   302.409
MODEL VP
   986.382   991.498   994.613   996.550   990.586   991.034   995.308   984.482   980.815   958.064
   923.333   885.239   837.968   810.658   815.150   841.552   829.842   737.341   843.377   740.748
MODEL POS
     0.400     0.400     0.400     0.400     0.400     0.400     0.400     0.400     0.400     0.400
     0.400     0.400     0.400     0.400     0.400     0.400     0.400     0.400     0.400     0.400
MODEL Density
     1.520     1.550     1.570     1.600     1.620     1.650     1.680     1.700     1.730     1.750
     1.770     1.800     1.820     1.850     1.880     1.900     1.930     1.950     1.980     2.000

 Calculeted dispersion-curves from curren model:
   F.(Hz)  V.(Rayleigh) Mode V.(Rayleigh)  Mode, etc. 
    15.346    304.277    0
    16.639    306.466    0
    18.028    308.505    0
    19.369    310.233    0
    20.950    312.030    0
    22.626    313.710    0
    24.159    315.084    0
    25.452    316.143    0
    26.697    317.089    0
    28.278    318.202    0
LAMD =        0.1, R-M-S E. (W) =     14.057
LAMD =        0.1, R-M-S E.     =     13.871

*****************************

ITERATION NUMBER =     7

SINGULAR VALUE
     0.900     0.074     0.006     0.002     0.001     0.001     0.001     0.001     0.001     0.000
     0.000     0.000     0.000     0.000     0.000     0.000     0.000     0.000     0.000     0.000
LAMD =          1, R-M-S E. (W) =     14.054
LAMD =          1, R-M-S E.     =     13.867
MODEL VS
   402.681   404.773   406.060   406.846   404.403   404.590   406.331   401.887   400.395   391.071
   376.849   361.246   341.885   330.731   332.599   343.479   338.840   301.292   344.454   302.847
MODEL VP
   986.364   991.486   994.639   996.566   990.581   991.039   995.303   984.419   980.764   957.923
   923.087   884.869   837.444   810.122   814.697   841.347   829.985   738.011   843.736   741.821
MODEL POS
     0.400     0.400     0.400     0.400     0.400     0.400     0.400     0.400     0.400     0.400
     0.400     0.400     0.400     0.400     0.400     0.400     0.400     0.400     0.400     0.400
MODEL Density
     1.520     1.550     1.570     1.600     1.620     1.650     1.680     1.700     1.730     1.750
     1.770     1.800     1.820     1.850     1.880     1.900     1.930     1.950     1.980     2.000

 Calculeted dispersion-curves from curren model:
   F.(Hz)  V.(Rayleigh) Mode V.(Rayleigh)  Mode, etc. 
    15.346    304.347    0
    16.639    306.535    0
    18.028    308.572    0
    19.369    310.296    0
    20.950    312.089    0
    22.626    313.764    0
    24.159    315.133    0
    25.452    316.188    0
    26.697    317.131    0
    28.278    318.239    0
LAMD =          1, R-M-S E. (W) =     14.054
LAMD =          1, R-M-S E.     =     13.867

*****************************

ITERATION NUMBER =     8

SINGULAR VALUE
     0.900     0.074     0.006     0.002     0.001     0.001     0.001     0.001     0.000     0.000
     0.000     0.000     0.000     0.000     0.000     0.000     0.000     0.000     0.000     0.000
LAMD =          1, R-M-S E. (W) =     14.050
LAMD =          1, R-M-S E.     =     13.864
MODEL VS
   402.671   404.786   406.040   406.847   404.412   404.586   406.320   401.870   400.386   391.001
   376.746   361.069   341.661   330.488   332.399   343.379   338.871   301.521   344.560   303.266
MODEL VP
   986.339   991.520   994.590   996.569   990.604   991.029   995.276   984.378   980.742   957.752
   922.835   884.436   836.896   809.527   814.209   841.103   830.061   738.573   843.996   742.847
MODEL POS
     0.400     0.400     0.400     0.400     0.400     0.400     0.400     0.400     0.400     0.400
     0.400     0.400     0.400     0.400     0.400     0.400     0.400     0.400     0.400     0.400
MODEL Density
     1.520     1.550     1.570     1.600     1.620     1.650     1.680     1.700     1.730     1.750
     1.770     1.800     1.820     1.850     1.880     1.900     1.930     1.950     1.980     2.000

 Calculeted dispersion-curves from curren model:
   F.(Hz)  V.(Rayleigh) Mode V.(Rayleigh)  Mode, etc. 
    15.346    304.407    0
    16.639    306.593    0
    18.028    308.626    0
    19.369    310.346    0
    20.950    312.133    0
    22.626    313.801    0
    24.159    315.165    0
    25.452    316.216    0
    26.697    317.155    0
    28.278    318.258    0
LAMD =          1, R-M-S E. (W) =     14.050
LAMD =          1, R-M-S E.     =     13.864

*****************************

ITERATION NUMBER =     9

SINGULAR VALUE
     0.900     0.074     0.006     0.002     0.001     0.001     0.001     0.001     0.000     0.000
     0.000     0.000     0.000     0.000     0.000     0.000     0.000     0.000     0.000     0.000
LAMD =          1, R-M-S E. (W) =     14.047
LAMD =          1, R-M-S E.     =     13.861
MODEL VS
   402.666   404.788   406.043   406.854   404.419   404.581   406.313   401.851   400.355   390.947
   376.646   360.906   341.431   330.224   332.184   343.248   338.868   301.704   344.656   303.657
MODEL VP
   986.327   991.523   994.599   996.585   990.620   991.018   995.259   984.331   980.665   957.621
   922.591   884.036   836.333   808.880   813.680   840.782   830.054   739.021   844.230   743.805
MODEL POS
     0.400     0.400     0.400     0.400     0.400     0.400     0.400     0.400     0.400     0.400
     0.400     0.400     0.400     0.400     0.400     0.400     0.400     0.400     0.400     0.400
MODEL Density
     1.520     1.550     1.570     1.600     1.620     1.650     1.680     1.700     1.730     1.750
     1.770     1.800     1.820     1.850     1.880     1.900     1.930     1.950     1.980     2.000

 Calculeted dispersion-curves from curren model:
   F.(Hz)  V.(Rayleigh) Mode V.(Rayleigh)  Mode, etc. 
    15.346    304.447    0
    16.639    306.630    0
    18.028    308.659    0
    19.369    310.374    0
    20.950    312.156    0
    22.626    313.818    0
    24.159    315.176    0
    25.452    316.223    0
    26.697    317.158    0
    28.278    318.257    0
LAMD =          1, R-M-S E. (W) =     14.047
LAMD =          1, R-M-S E.     =     13.861

*****************************

ITERATION NUMBER =    10

SINGULAR VALUE
     0.900     0.073     0.006     0.002     0.001     0.001     0.001     0.001     0.001     0.000
     0.000     0.000     0.000     0.000     0.000     0.000     0.000     0.000     0.000     0.000
LAMD =          1, R-M-S E. (W) =     14.044
LAMD =          1, R-M-S E.     =     13.858
MODEL VS
   402.650   404.767   406.016   406.839   404.403   404.566   406.308   401.844   400.321   390.878
   376.539   360.733   341.190   329.981   331.976   343.103   338.865   301.874   344.733   304.049
MODEL VP
   986.286   991.472   994.533   996.548   990.581   990.980   995.246   984.313   980.583   957.453
   922.329   883.611   835.740   808.285   813.171   840.427   830.047   739.438   844.420   744.765
MODEL POS
     0.400     0.400     0.400     0.400     0.400     0.400     0.400     0.400     0.400     0.400
     0.400     0.400     0.400     0.400     0.400     0.400     0.400     0.400     0.400     0.400
MODEL Density
     1.520     1.550     1.570     1.600     1.620     1.650     1.680     1.700     1.730     1.750
     1.770     1.800     1.820     1.850     1.880     1.900     1.930     1.950     1.980     2.000

 Calculeted dispersion-curves from curren model:
   F.(Hz)  V.(Rayleigh) Mode V.(Rayleigh)  Mode, etc. 
    15.346    304.481    0
    16.639    306.661    0
    18.028    308.686    0
    19.369    310.397    0
    20.950    312.173    0
    22.626    313.829    0
    24.159    315.182    0
    25.452    316.224    0
    26.697    317.155    0
    28.278    318.250    0
LAMD =          1, R-M-S E. (W) =     14.044
LAMD =          1, R-M-S E.     =     13.858

*****************************

ITERATION NUMBER =    11

SINGULAR VALUE
     0.901     0.073     0.006     0.002     0.001     0.001     0.001     0.001     0.001     0.000
     0.000     0.000     0.000     0.000     0.000     0.000     0.000     0.000     0.000     0.000
LAMD =          1, R-M-S E. (W) =     14.041
LAMD =          1, R-M-S E.     =     13.855
MODEL VS
   402.642   404.768   406.009   406.821   404.392   404.554   406.308   401.838   400.287   390.806
   376.452   360.560   340.960   329.720   331.730   342.955   338.833   302.041   344.812   304.439
MODEL VP
   986.267   991.475   994.514   996.505   990.554   990.951   995.247   984.299   980.500   957.276
   922.115   883.187   835.178   807.646   812.570   840.064   829.969   739.847   844.614   745.720
MODEL POS
     0.400     0.400     0.400     0.400     0.400     0.400     0.400     0.400     0.400     0.400
     0.400     0.400     0.400     0.400     0.400     0.400     0.400     0.400     0.400     0.400
MODEL Density
     1.520     1.550     1.570     1.600     1.620     1.650     1.680     1.700     1.730     1.750
     1.770     1.800     1.820     1.850     1.880     1.900     1.930     1.950     1.980     2.000

 Calculeted dispersion-curves from curren model:
   F.(Hz)  V.(Rayleigh) Mode V.(Rayleigh)  Mode, etc. 
    15.346    304.508    0
    16.639    306.686    0
    18.028    308.706    0
    19.369    310.413    0
    20.950    312.183    0
    22.626    313.833    0
    24.159    315.180    0
    25.452    316.218    0
    26.697    317.145    0
    28.278    318.235    0
LAMD =          1, R-M-S E. (W) =     14.041
LAMD =          1, R-M-S E.     =     13.855

*****************************

ITERATION NUMBER =    12

SINGULAR VALUE
     0.901     0.073     0.006     0.002     0.001     0.001     0.001     0.001     0.001     0.000
     0.000     0.000     0.000     0.000     0.000     0.000     0.000     0.000     0.000     0.000
LAMD =         10, R-M-S E. (W) =     14.041
LAMD =         10, R-M-S E.     =     13.854
MODEL VS
   402.640   404.767   406.006   406.821   404.390   404.552   406.307   401.838   400.284   390.800
   376.440   360.541   340.937   329.693   331.708   342.941   338.830   302.061   344.819   304.477
MODEL VP
   986.262   991.473   994.509   996.503   990.549   990.946   995.244   984.299   980.492   957.261
   922.087   883.141   835.121   807.580   812.516   840.030   829.962   739.894   844.631   745.813
MODEL POS
     0.400     0.400     0.400     0.400     0.400     0.400     0.400     0.400     0.400     0.400
     0.400     0.400     0.400     0.400     0.400     0.400     0.400     0.400     0.400     0.400
MODEL Density
     1.520     1.550     1.570     1.600     1.620     1.650     1.680     1.700     1.730     1.750
     1.770     1.800     1.820     1.850     1.880     1.900     1.930     1.950     1.980     2.000

 Calculeted dispersion-curves from curren model:
   F.(Hz)  V.(Rayleigh) Mode V.(Rayleigh)  Mode, etc. 
    15.346    304.509    0
    16.639    306.687    0
    18.028    308.707    0
    19.369    310.414    0
    20.950    312.183    0
    22.626    313.833    0
    24.159    315.180    0
    25.452    316.217    0
    26.697    317.144    0
    28.278    318.233    0
LAMD =         10, R-M-S E. (W) =     14.041
LAMD =         10, R-M-S E.     =     13.854

Open succeeded on output file
Before QL
     0.000     0.000     0.000     0.000     0.000     0.000     0.000     0.000     0.000     0.000     0.000     0.000     0.000     0.000     0.000     0.000     0.000     0.000     0.000     0.000
After QL
     0.000     0.000     0.000     0.000     0.000     0.000     0.000     0.000     0.000     0.000     0.000     0.000     0.000     0.000     0.000     0.000     0.000     0.000     0.000     0.000
SINGULAR VALUE
     1.346     1.003     1.000     1.000     1.000     1.000     1.000     1.000     1.000     1.000
     1.000     1.000     1.000     1.000     1.000     1.000     1.000     1.000     1.000     1.000
LAMD =         10, R-M-S E. (W) =     14.041

MODEL VS
   402.640   404.767   406.006   406.821   404.390   404.552   406.307   401.838   400.284   390.800
   376.440   360.541   340.937   329.693   331.708   342.941   338.830   302.061   344.819   304.477
NDATA	 10

     F (Hz)	   MEASURED	    INITIAL	     FINAL	    WEIGHTING
    15.346	    288.636	    378.913	    304.509	      1.000
    16.639	    300.812	    379.763	    306.687	      0.997
    18.028	    317.857	    380.573	    308.707	      0.989
    19.369	    330.032	    381.258	    310.413	      0.989
    20.950	    311.769	    381.951	    312.183	      0.797
    22.626	    336.120	    382.561	    313.833	      0.993
    24.159	    322.727	    383.018	    315.180	      0.969
    25.452	    310.552	    383.335	    316.217	      0.946
    26.697	    308.117	    383.588	    317.144	      0.990
    28.278	    295.942	    383.840	    318.233	      1.000

NLAYR	 20

 DEPTH	 INITIAL Vs	 INVERTED Vs	 R-M-S E of Vs	    Vp	        DENSITY
  0.03	   405.00	   402.64	    14.04	   986.26	  1.52
  0.08	   405.00	   404.77	    14.04	   991.47	  1.55
  0.13	   405.00	   406.01	    14.04	   994.51	  1.57
  0.20	   405.00	   406.82	    14.04	   996.50	  1.60
  0.28	   405.00	   404.39	    14.04	   990.55	  1.62
  0.38	   405.00	   404.55	    14.04	   990.95	  1.65
  0.51	   405.00	   406.31	    14.04	   995.24	  1.68
  0.68	   405.00	   401.84	    14.04	   984.30	  1.70
  0.88	   405.00	   400.28	    14.04	   980.49	  1.73
  1.13	   405.00	   390.80	    14.04	   957.26	  1.75
  1.45	   405.00	   376.44	    14.03	   922.09	  1.77
  1.85	   405.00	   360.54	    14.02	   883.14	  1.80
  2.35	   405.00	   340.94	    13.99	   835.12	  1.82
  2.97	   405.00	   329.69	    13.92	   807.58	  1.85
  3.74	   405.00	   331.71	    13.82	   812.52	  1.88
  4.71	   405.00	   342.94	    13.74	   840.03	  1.90
  5.93	   390.00	   338.83	    13.58	   829.96	  1.93
  7.44	   387.00	   302.06	    12.95	   739.89	  1.95
  9.34	   470.00	   344.82	    13.37	   844.63	  1.98
 11.67	   389.00	   304.48	    13.75	   745.81	  2.00

C:\Users\Ninja\Documents\MASW\Dundass_Road_MASW\Dundass_Road_MASW\SG2\MASW1\Revision_6\20_layer_25m\Line1(ActiveOT)(CombinedOT)(1018).LST: detailed output information

Elapsed Time =    13.3 seconds
SurfSeis v. 6.0.4.30